\BOOKMARK [0][-]{chapter.1}{\376\377\000G\000r\000a\000p\000h\000\040\000S\000t\000r\000u\000c\000t\000u\000r\000e\000s}{}% 1
\BOOKMARK [1][-]{section.1.1}{\376\377\000M\000u\000l\000t\000i\000g\000r\000a\000p\000h\000s}{chapter.1}% 2
\BOOKMARK [1][-]{section.1.2}{\376\377\000G\000r\000a\000p\000h\000\040\000T\000r\000a\000v\000e\000r\000s\000a\000l}{chapter.1}% 3
\BOOKMARK [1][-]{section.1.3}{\376\377\000G\000r\000a\000p\000h\000s\000\040\000a\000n\000d\000\040\000M\000a\000t\000r\000i\000c\000e\000s}{chapter.1}% 4
\BOOKMARK [1][-]{section.1.4}{\376\377\000T\000r\000e\000e}{chapter.1}% 5
\BOOKMARK [1][-]{section.1.5}{\376\377\000B\000i\000p\000a\000r\000t\000i\000t\000e\000\040\000G\000r\000a\000p\000h\000s}{chapter.1}% 6
\BOOKMARK [0][-]{chapter.2}{\376\377\000M\000a\000t\000c\000h\000i\000n\000g\000s\000\040\000a\000n\000d\000\040\000V\000e\000r\000t\000e\000x\000\040\000C\000o\000v\000e\000r\000s}{}% 7
\BOOKMARK [1][-]{section.2.1}{\376\377\000M\000a\000t\000c\000h\000i\000n\000g}{chapter.2}% 8
\BOOKMARK [1][-]{section.2.2}{\376\377\000C\000l\000i\000q\000u\000e\000\040\000a\000n\000d\000\040\000I\000n\000d\000e\000p\000e\000n\000d\000e\000n\000t\000\040\000S\000e\000t}{chapter.2}% 9
\BOOKMARK [1][-]{section.2.3}{\376\377\000M\000a\000t\000c\000h\000i\000n\000g\000s\000\040\000i\000n\000\040\000B\000i\000p\000a\000r\000t\000i\000t\000e\000\040\000G\000r\000a\000p\000h\000s}{chapter.2}% 10
\BOOKMARK [0][-]{chapter.3}{\376\377\000C\000o\000n\000n\000e\000c\000t\000i\000v\000i\000t\000y}{}% 11
\BOOKMARK [1][-]{section.3.1}{\376\377\000V\000e\000r\000t\000e\000x\000\040\000C\000o\000n\000n\000e\000c\000t\000i\000v\000i\000t\000y}{chapter.3}% 12
\BOOKMARK [1][-]{section.3.2}{\376\377\000E\000d\000g\000e\000\040\000C\000o\000n\000n\000e\000c\000t\000i\000v\000i\000t\000y}{chapter.3}% 13
\BOOKMARK [1][-]{section.3.3}{\376\377\000B\000l\000o\000c\000k\000s}{chapter.3}% 14
\BOOKMARK [0][-]{chapter.4}{\376\377\000G\000r\000a\000p\000h\000\040\000C\000o\000l\000o\000u\000r\000i\000n\000g}{}% 15
\BOOKMARK [1][-]{section.4.1}{\376\377\000V\000e\000r\000t\000e\000x\000\040\000C\000o\000l\000o\000u\000r\000i\000n\000g}{chapter.4}% 16
\BOOKMARK [1][-]{section.4.2}{\376\377\000E\000d\000g\000e\000\040\000C\000o\000l\000o\000u\000r\000i\000n\000g}{chapter.4}% 17
\BOOKMARK [1][-]{section.4.3}{\376\377\000P\000e\000r\000f\000e\000c\000t\000\040\000G\000r\000a\000p\000h\000s}{chapter.4}% 18
\BOOKMARK [0][-]{chapter.5}{\376\377\000P\000l\000a\000n\000a\000r\000i\000t\000y}{}% 19
\BOOKMARK [1][-]{section.5.1}{\376\377\000P\000l\000a\000n\000a\000r\000\040\000G\000r\000a\000p\000h}{chapter.5}% 20
\BOOKMARK [1][-]{section.5.2}{\376\377\000D\000u\000a\000l\000\040\000G\000r\000a\000p\000h}{chapter.5}% 21
\BOOKMARK [1][-]{section.5.3}{\376\377\000F\000o\000u\000r\000\040\000C\000o\000l\000o\000u\000r\000\040\000T\000h\000e\000o\000r\000e\000m}{chapter.5}% 22
\BOOKMARK [0][-]{chapter.6}{\376\377\000H\000a\000m\000i\000l\000t\000o\000n\000i\000a\000n\000\040\000G\000r\000a\000p\000h}{}% 23
\BOOKMARK [1][-]{section.6.1}{\376\377\000E\000u\000l\000e\000r\000i\000a\000n\000\040\000G\000r\000a\000p\000h}{chapter.6}% 24
\BOOKMARK [1][-]{section.6.2}{\376\377\000H\000a\000m\000i\000l\000t\000o\000n\000i\000a\000n\000\040\000G\000r\000a\000p\000h}{chapter.6}% 25
\BOOKMARK [1][-]{section.6.3}{\376\377\000V\000e\000r\000t\000e\000x\000-\000T\000r\000a\000n\000s\000i\000t\000i\000v\000e\000\040\000G\000r\000a\000p\000h}{chapter.6}% 26
\BOOKMARK [0][-]{chapter.7}{\376\377\000D\000i\000r\000e\000c\000t\000e\000d\000\040\000G\000r\000a\000p\000h}{}% 27
\BOOKMARK [1][-]{section.7.1}{\376\377\000D\000i\000r\000e\000c\000t\000e\000d\000\040\000G\000r\000a\000p\000h}{chapter.7}% 28
\BOOKMARK [1][-]{section.7.2}{\376\377\000T\000o\000u\000r\000n\000a\000m\000e\000n\000t}{chapter.7}% 29
