\BOOKMARK [0][-]{chapter.1}{\376\377\000P\000e\000r\000m\000u\000t\000a\000t\000i\000o\000n\000s\000\040\000a\000n\000d\000\040\000C\000o\000m\000b\000i\000n\000a\000t\000i\000o\000n\000s}{}% 1
\BOOKMARK [1][-]{section.1.1}{\376\377\000B\000a\000s\000i\000c\000\040\000C\000o\000u\000n\000t\000i\000n\000g\000\040\000P\000r\000i\000n\000c\000i\000p\000l\000e\000s}{chapter.1}% 2
\BOOKMARK [1][-]{section.1.2}{\376\377\000P\000e\000r\000m\000u\000t\000a\000t\000i\000o\000n\000s}{chapter.1}% 3
\BOOKMARK [2][-]{subsection.1.2.1}{\376\377\000L\000i\000n\000e\000a\000r\000\040\000P\000e\000r\000m\000u\000t\000a\000t\000i\000o\000n\000s}{section.1.2}% 4
\BOOKMARK [2][-]{subsection.1.2.2}{\376\377\000C\000i\000r\000c\000u\000l\000a\000r\000\040\000P\000e\000r\000m\000u\000t\000a\000t\000i\000o\000n\000s}{section.1.2}% 5
\BOOKMARK [2][-]{subsection.1.2.3}{\376\377\000P\000e\000r\000m\000u\000t\000a\000t\000i\000o\000n\000s\000\040\000w\000i\000t\000h\000\040\000R\000e\000p\000e\000t\000i\000t\000i\000o\000n\000s}{section.1.2}% 6
\BOOKMARK [1][-]{section.1.3}{\376\377\000C\000o\000m\000b\000i\000n\000a\000t\000i\000o\000n\000s}{chapter.1}% 7
\BOOKMARK [2][-]{subsection.1.3.1}{\376\377\000C\000o\000u\000n\000t\000i\000n\000g\000\040\000S\000u\000b\000s\000e\000t\000s}{section.1.3}% 8
\BOOKMARK [2][-]{subsection.1.3.2}{\376\377\000C\000o\000m\000b\000i\000n\000a\000t\000i\000o\000n\000s\000\040\000w\000i\000t\000h\000\040\000R\000e\000p\000e\000t\000i\000t\000i\000o\000n\000s}{section.1.3}% 9
\BOOKMARK [1][-]{section.1.4}{\376\377\000F\000u\000n\000\040\000P\000r\000o\000b\000l\000e\000m\000s\000\040\000C\000o\000l\000l\000e\000c\000t\000i\000o\000n}{chapter.1}% 10
\BOOKMARK [1][-]{section.1.5}{\376\377\000D\000i\000s\000t\000r\000i\000b\000u\000t\000i\000o\000n\000\040\000P\000r\000o\000b\000l\000e\000m\000s}{chapter.1}% 11
\BOOKMARK [2][-]{subsection.1.5.1}{\376\377\000S\000t\000i\000r\000l\000i\000n\000g\000\040\000N\000u\000m\000b\000e\000r\000s}{section.1.5}% 12
\BOOKMARK [2][-]{subsection.1.5.2}{\376\377\000D\000i\000s\000t\000i\000n\000c\000t\000\040\000O\000b\000j\000e\000c\000t\000s\000\040\000i\000n\000t\000o\000\040\000D\000i\000s\000t\000i\000n\000c\000t\000\040\000C\000o\000l\000l\000e\000c\000t\000i\000o\000n\000s}{section.1.5}% 13
\BOOKMARK [1][-]{section.1.6}{\376\377\000B\000i\000n\000o\000m\000i\000a\000l\000\040\000a\000n\000d\000\040\000M\000u\000l\000t\000i\000n\000o\000m\000i\000a\000l\000\040\000C\000o\000e\000f\000f\000i\000c\000i\000e\000n\000t\000s}{chapter.1}% 14
\BOOKMARK [2][-]{subsection.1.6.1}{\376\377\000B\000i\000n\000o\000m\000i\000a\000l\000\040\000C\000o\000e\000f\000f\000i\000c\000i\000e\000n\000t\000s}{section.1.6}% 15
\BOOKMARK [2][-]{subsection.1.6.2}{\376\377\000M\000u\000l\000t\000i\000n\000o\000m\000i\000a\000l\000\040\000C\000o\000e\000f\000f\000i\000c\000i\000e\000n\000t\000s}{section.1.6}% 16
\BOOKMARK [0][-]{chapter.2}{\376\377\000P\000i\000g\000e\000o\000n\000h\000o\000l\000e\000\040\000P\000r\000i\000n\000c\000i\000p\000l\000e}{}% 17
\BOOKMARK [1][-]{section.2.1}{\376\377\000P\000i\000g\000e\000o\000n\000h\000o\000l\000e\000\040\000P\000r\000i\000n\000c\000i\000p\000l\000e}{chapter.2}% 18
\BOOKMARK [1][-]{section.2.2}{\376\377\000R\000a\000m\000s\000e\000y\000\040\000T\000y\000p\000e\000s\000\040\000o\000f\000\040\000P\000r\000o\000b\000l\000e\000m\000s}{chapter.2}% 19
\BOOKMARK [0][-]{chapter.3}{\376\377\000P\000r\000i\000n\000c\000i\000p\000l\000e\000\040\000o\000f\000\040\000I\000n\000c\000l\000u\000s\000i\000o\000n\000\040\000a\000n\000d\000\040\000E\000x\000c\000l\000u\000s\000i\000o\000n}{}% 20
\BOOKMARK [1][-]{section.3.1}{\376\377\000P\000r\000i\000n\000c\000i\000p\000l\000e\000\040\000o\000f\000\040\000I\000n\000c\000l\000u\000s\000i\000o\000n\000\040\000a\000n\000d\000\040\000E\000x\000c\000l\000u\000s\000i\000o\000n\000\040\000\050\000P\000I\000E\000\051}{chapter.3}% 21
\BOOKMARK [1][-]{section.3.2}{\376\377\000S\000t\000i\000r\000l\000i\000n\000g\000\040\000N\000u\000m\000b\000e\000r\000s\000\040\000o\000f\000\040\000t\000h\000e\000\040\000S\000e\000c\000o\000n\000d\000\040\000K\000i\000n\000d}{chapter.3}% 22
\BOOKMARK [1][-]{section.3.3}{\376\377\000D\000e\000r\000a\000n\000g\000e\000m\000e\000n\000t}{chapter.3}% 23
\BOOKMARK [1][-]{section.3.4}{\376\377\000C\000o\000u\000n\000t\000i\000n\000g\000\040\000C\000o\000-\000p\000r\000i\000m\000e\000\040\000N\000u\000m\000b\000e\000r\000s}{chapter.3}% 24
\BOOKMARK [0][-]{chapter.4}{\376\377\000G\000e\000n\000e\000r\000a\000t\000i\000n\000g\000\040\000F\000u\000n\000c\000t\000i\000o\000n\000s}{}% 25
\BOOKMARK [1][-]{section.4.1}{\376\377\000O\000r\000d\000i\000n\000a\000r\000y\000\040\000G\000e\000n\000e\000r\000a\000t\000i\000n\000g\000\040\000F\000u\000n\000c\000t\000i\000o\000n\000s}{chapter.4}% 26
\BOOKMARK [2][-]{subsection.4.1.1}{\376\377\000B\000a\000s\000i\000c\000\040\000O\000r\000d\000i\000n\000a\000r\000y\000\040\000G\000e\000n\000e\000r\000a\000t\000i\000n\000g\000\040\000F\000u\000n\000c\000t\000i\000o\000n\000s}{section.4.1}% 27
\BOOKMARK [2][-]{subsection.4.1.2}{\376\377\000O\000p\000e\000r\000a\000t\000i\000o\000n\000s\000\040\000o\000n\000\040\000O\000r\000d\000i\000n\000a\000r\000y\000\040\000G\000e\000n\000e\000r\000a\000t\000i\000n\000g\000\040\000F\000u\000n\000c\000t\000i\000o\000n\000s}{section.4.1}% 28
\BOOKMARK [2][-]{subsection.4.1.3}{\376\377\000M\000o\000d\000e\000l\000l\000i\000n\000g\000\040\000w\000i\000t\000h\000\040\000G\000e\000n\000e\000r\000a\000t\000i\000n\000g\000\040\000F\000u\000n\000c\000t\000i\000o\000n\000s}{section.4.1}% 29
\BOOKMARK [2][-]{subsection.4.1.4}{\376\377\000F\000e\000r\000r\000e\000r\000s\000\040\000D\000i\000a\000g\000r\000a\000m}{section.4.1}% 30
\BOOKMARK [1][-]{section.4.2}{\376\377\000E\000x\000p\000o\000n\000e\000n\000t\000i\000a\000l\000\040\000G\000e\000n\000e\000r\000a\000t\000i\000n\000g\000\040\000F\000u\000n\000c\000t\000i\000o\000n\000s}{chapter.4}% 31
\BOOKMARK [0][-]{chapter.5}{\376\377\000R\000e\000c\000u\000r\000r\000e\000n\000c\000e\000\040\000R\000e\000l\000a\000t\000i\000o\000n\000s}{}% 32
\BOOKMARK [1][-]{section.5.1}{\376\377\000R\000e\000c\000u\000r\000r\000e\000n\000c\000e\000\040\000R\000e\000l\000a\000t\000i\000o\000n\000s}{chapter.5}% 33
\BOOKMARK [1][-]{section.5.2}{\376\377\000S\000y\000s\000t\000e\000m\000\040\000o\000f\000\040\000R\000e\000c\000u\000r\000r\000e\000n\000c\000e\000\040\000R\000e\000l\000a\000t\000i\000o\000n\000s}{chapter.5}% 34
\BOOKMARK [1][-]{section.5.3}{\376\377\000R\000e\000c\000u\000r\000r\000e\000n\000c\000e\000\040\000R\000e\000l\000a\000t\000i\000o\000n\000s\000\040\000a\000n\000d\000\040\000G\000e\000n\000e\000r\000a\000t\000i\000n\000g\000\040\000F\000u\000n\000c\000t\000i\000o\000n\000s}{chapter.5}% 35
\BOOKMARK [0][-]{chapter.6}{\376\377\000G\000r\000a\000p\000h\000\040\000S\000t\000r\000u\000c\000t\000u\000r\000e\000s}{}% 36
\BOOKMARK [1][-]{section.6.1}{\376\377\000M\000u\000l\000t\000i\000g\000r\000a\000p\000h}{chapter.6}% 37
\BOOKMARK [1][-]{section.6.2}{\376\377\000H\000a\000n\000d\000s\000h\000a\000k\000i\000n\000g\000\040\000L\000e\000m\000m\000a}{chapter.6}% 38
\BOOKMARK [1][-]{section.6.3}{\376\377\000S\000u\000b\000g\000r\000a\000p\000h}{chapter.6}% 39
\BOOKMARK [1][-]{section.6.4}{\376\377\000G\000r\000a\000p\000h\000\040\000I\000s\000o\000m\000o\000r\000p\000h\000i\000s\000m}{chapter.6}% 40
\BOOKMARK [0][-]{chapter.7}{\376\377\000G\000r\000a\000p\000h\000\040\000T\000r\000a\000v\000e\000r\000s\000a\000l}{}% 41
\BOOKMARK [1][-]{section.7.1}{\376\377\000P\000a\000t\000h\000\040\000a\000n\000d\000\040\000C\000o\000n\000n\000e\000c\000t\000e\000d\000n\000e\000s\000s}{chapter.7}% 42
\BOOKMARK [1][-]{section.7.2}{\376\377\000D\000i\000s\000t\000a\000n\000c\000e\000\040\000b\000e\000t\000w\000e\000e\000n\000\040\000V\000e\000r\000t\000i\000c\000e\000s}{chapter.7}% 43
\BOOKMARK [1][-]{section.7.3}{\376\377\000G\000r\000a\000p\000h\000s\000\040\000a\000n\000d\000\040\000M\000a\000t\000r\000i\000c\000e\000s}{chapter.7}% 44
\BOOKMARK [0][-]{chapter.8}{\376\377\000B\000i\000p\000a\000r\000t\000i\000t\000e\000\040\000G\000r\000a\000p\000h\000s}{}% 45
\BOOKMARK [1][-]{section.8.1}{\376\377\000B\000i\000p\000a\000r\000t\000i\000t\000e\000\040\000G\000r\000a\000p\000h\000s}{chapter.8}% 46
\BOOKMARK [1][-]{section.8.2}{\376\377\000T\000r\000e\000e\000s}{chapter.8}% 47
\BOOKMARK [2][-]{subsection.8.2.1}{\376\377\000S\000p\000a\000n\000n\000i\000n\000g\000\040\000T\000r\000e\000e}{section.8.2}% 48
\BOOKMARK [0][-]{chapter.9}{\376\377\000W\000e\000i\000g\000h\000t\000e\000d\000\040\000G\000r\000a\000p\000h\000s}{}% 49
\BOOKMARK [1][-]{section.9.1}{\376\377\000W\000e\000i\000g\000h\000t}{chapter.9}% 50
\BOOKMARK [1][-]{section.9.2}{\376\377\000M\000i\000n\000i\000m\000u\000m\000\040\000S\000p\000a\000n\000n\000i\000n\000g\000\040\000T\000r\000e\000e\000s}{chapter.9}% 51
\BOOKMARK [1][-]{section.9.3}{\376\377\000\050\000S\000i\000n\000g\000l\000e\000-\000S\000o\000u\000r\000c\000e\000\051\000\040\000S\000h\000o\000r\000t\000e\000s\000t\000\040\000P\000a\000t\000h}{chapter.9}% 52
