\BOOKMARK [0][-]{chapter.1}{\376\377\000V\000e\000c\000t\000o\000r\000\040\000S\000p\000a\000c\000e\000s}{}% 1
\BOOKMARK [1][-]{section.1.1}{\376\377\000V\000e\000c\000t\000o\000r\000\040\000S\000p\000a\000c\000e}{chapter.1}% 2
\BOOKMARK [1][-]{section.1.2}{\376\377\000I\000s\000o\000m\000o\000r\000p\000h\000i\000s\000m}{chapter.1}% 3
\BOOKMARK [1][-]{section.1.3}{\376\377\000B\000a\000s\000i\000s}{chapter.1}% 4
\BOOKMARK [0][-]{chapter.2}{\376\377\000L\000i\000n\000e\000a\000r\000\040\000T\000r\000a\000n\000s\000f\000o\000r\000m\000a\000t\000i\000o\000n\000s}{}% 5
\BOOKMARK [1][-]{section.2.1}{\376\377\000L\000i\000n\000e\000a\000r\000\040\000T\000r\000a\000n\000s\000f\000o\000r\000m\000a\000t\000i\000o\000n\000s}{chapter.2}% 6
\BOOKMARK [1][-]{section.2.2}{\376\377\000D\000u\000a\000l\000i\000t\000y}{chapter.2}% 7
\BOOKMARK [1][-]{section.2.3}{\376\377\000T\000e\000n\000s\000o\000r\000\040\000P\000r\000o\000d\000u\000c\000t}{chapter.2}% 8
\BOOKMARK [1][-]{section.2.4}{\376\377\000M\000a\000t\000r\000i\000x}{chapter.2}% 9
\BOOKMARK [1][-]{section.2.5}{\376\377\000C\000h\000a\000n\000g\000e\000\040\000o\000f\000\040\000B\000a\000s\000i\000s}{chapter.2}% 10
\BOOKMARK [0][-]{chapter.3}{\376\377\000O\000p\000e\000r\000a\000t\000o\000r\000s}{}% 11
\BOOKMARK [1][-]{section.3.1}{\376\377\000E\000i\000g\000e\000n\000s\000p\000a\000c\000e\000s}{chapter.3}% 12
\BOOKMARK [1][-]{section.3.2}{\376\377\000D\000i\000a\000g\000o\000n\000a\000l\000i\000s\000a\000t\000i\000o\000n}{chapter.3}% 13
\BOOKMARK [1][-]{section.3.3}{\376\377\000J\000o\000r\000d\000a\000n\000\040\000M\000a\000t\000r\000i\000x}{chapter.3}% 14
\BOOKMARK [1][-]{section.3.4}{\376\377\000O\000p\000e\000r\000a\000t\000o\000r\000s\000\040\000i\000n\000\040\000E\000u\000c\000l\000i\000d\000e\000a\000n\000\040\000S\000p\000a\000c\000e\000s}{chapter.3}% 15
\BOOKMARK [0][-]{chapter.4}{\376\377\000I\000n\000n\000e\000r\000\040\000P\000r\000o\000d\000u\000c\000t\000\040\000S\000p\000a\000c\000e\000s}{}% 16
\BOOKMARK [1][-]{section.4.1}{\376\377\000B\000i\000l\000i\000n\000e\000a\000r\000\040\000F\000o\000r\000m\000s}{chapter.4}% 17
\BOOKMARK [1][-]{section.4.2}{\376\377\000G\000e\000o\000m\000e\000t\000r\000y\000\040\000i\000n\000\040\000V\000e\000c\000t\000o\000r\000\040\000S\000p\000a\000c\000e\000s}{chapter.4}% 18
\BOOKMARK [1][-]{section.4.3}{\376\377\000O\000r\000t\000h\000o\000g\000o\000n\000a\000l\000i\000s\000a\000t\000i\000o\000n}{chapter.4}% 19
\BOOKMARK [1][-]{section.4.4}{\376\377\000R\000i\000e\000s\000z\000\040\000R\000e\000p\000r\000e\000s\000e\000n\000t\000a\000t\000i\000o\000n}{chapter.4}% 20
\BOOKMARK [1][-]{section.4.5}{\376\377\000S\000e\000s\000q\000u\000i\000l\000i\000n\000e\000a\000r\000\040\000F\000o\000r\000m\000s}{chapter.4}% 21
\BOOKMARK [0][-]{chapter.5}{\376\377\000D\000e\000t\000e\000r\000m\000i\000n\000a\000n\000t}{}% 22
\BOOKMARK [1][-]{section.5.1}{\376\377\000m\000-\000F\000o\000r\000m\000s}{chapter.5}% 23
\BOOKMARK [1][-]{section.5.2}{\376\377\000D\000e\000t\000e\000r\000m\000i\000n\000a\000n\000t}{chapter.5}% 24
\BOOKMARK [1][-]{section.5.3}{\376\377\000V\000o\000l\000u\000m\000e}{chapter.5}% 25
