\BOOKMARK [0][-]{chapter.1}{\376\377\000N\000o\000n\000-\000l\000i\000n\000e\000a\000r\000\040\000P\000r\000o\000g\000r\000a\000m\000m\000i\000n\000g\000\040\000P\000r\000o\000b\000l\000e\000m\000s}{}% 1
\BOOKMARK [1][-]{section.1.1}{\376\377\000B\000a\000s\000i\000c\000\040\000T\000e\000r\000m\000i\000n\000o\000l\000o\000g\000y\000\040\000a\000n\000d\000\040\000N\000o\000t\000a\000t\000i\000o\000n\000s}{chapter.1}% 2
\BOOKMARK [1][-]{section.1.2}{\376\377\000U\000n\000c\000o\000n\000s\000t\000r\000a\000i\000n\000e\000d\000\040\000N\000o\000n\000-\000l\000i\000n\000e\000a\000r\000\040\000P\000r\000o\000g\000r\000a\000m\000s}{chapter.1}% 3
\BOOKMARK [1][-]{section.1.3}{\376\377\000C\000o\000n\000s\000t\000r\000a\000i\000n\000e\000d\000\040\000N\000o\000n\000-\000l\000i\000n\000e\000a\000r\000\040\000P\000r\000o\000g\000r\000a\000m\000s}{chapter.1}% 4
\BOOKMARK [0][-]{chapter.2}{\376\377\000C\000o\000n\000v\000e\000x\000\040\000F\000u\000n\000c\000t\000i\000o\000n\000s}{}% 5
\BOOKMARK [1][-]{section.2.1}{\376\377\000C\000o\000n\000v\000e\000x\000i\000t\000y\000\040\000o\000f\000\040\000S\000e\000t\000s\000\040\000a\000n\000d\000\040\000F\000u\000n\000c\000t\000i\000o\000n\000s}{chapter.2}% 6
\BOOKMARK [1][-]{section.2.2}{\376\377\000T\000a\000n\000g\000e\000n\000t\000\040\000P\000l\000a\000n\000e\000\040\000C\000h\000a\000r\000a\000c\000t\000e\000r\000i\000s\000a\000t\000i\000o\000n}{chapter.2}% 7
\BOOKMARK [1][-]{section.2.3}{\376\377\000H\000e\000s\000s\000i\000a\000n\000\040\000M\000a\000t\000r\000i\000c\000e\000s}{chapter.2}% 8
\BOOKMARK [2][-]{subsection.2.3.1}{\376\377\000T\000a\000y\000l\000o\000r\000'\000s\000\040\000T\000h\000e\000o\000r\000e\000m}{section.2.3}% 9
\BOOKMARK [0][-]{chapter.3}{\376\377\000U\000n\000c\000o\000n\000s\000t\000r\000a\000i\000n\000e\000d\000\040\000N\000L\000P\000s}{}% 10
\BOOKMARK [1][-]{section.3.1}{\376\377\000C\000o\000e\000r\000c\000i\000v\000e\000\040\000F\000u\000n\000c\000t\000i\000o\000n\000s}{chapter.3}% 11
\BOOKMARK [0][-]{chapter.4}{\376\377\000N\000u\000m\000e\000r\000i\000c\000a\000l\000\040\000M\000e\000t\000h\000o\000d\000s}{}% 12
\BOOKMARK [1][-]{section.4.1}{\376\377\000O\000n\000e\000-\000D\000i\000m\000e\000n\000s\000i\000o\000n\000a\000l\000\040\000M\000e\000t\000h\000o\000d\000s}{chapter.4}% 13
\BOOKMARK [2][-]{subsection.4.1.1}{\376\377\000B\000i\000s\000e\000c\000t\000i\000o\000n}{section.4.1}% 14
\BOOKMARK [2][-]{subsection.4.1.2}{\376\377\000N\000e\000w\000t\000o\000n\000'\000s\000\040\000M\000e\000t\000h\000o\000d}{section.4.1}% 15
\BOOKMARK [2][-]{subsection.4.1.3}{\376\377\000G\000o\000l\000d\000e\000n\000\040\000S\000e\000c\000t\000i\000o\000n\000\040\000M\000e\000t\000h\000o\000d}{section.4.1}% 16
\BOOKMARK [1][-]{section.4.2}{\376\377\000M\000u\000l\000t\000i\000v\000a\000r\000i\000a\000b\000l\000e\000\040\000M\000e\000t\000h\000o\000d\000s}{chapter.4}% 17
\BOOKMARK [2][-]{subsection.4.2.1}{\376\377\000N\000e\000w\000t\000o\000n\000'\000s\000\040\000M\000e\000t\000h\000o\000d}{section.4.2}% 18
\BOOKMARK [2][-]{subsection.4.2.2}{\376\377\000A\000r\000m\000i\000j\000o\000\040\000L\000i\000n\000e\000\040\000S\000e\000a\000r\000c\000h}{section.4.2}% 19
\BOOKMARK [1][-]{section.4.3}{\376\377\000S\000t\000e\000e\000p\000e\000s\000t\000\040\000D\000e\000s\000c\000e\000n\000t}{chapter.4}% 20
\BOOKMARK [1][-]{section.4.4}{\376\377\000C\000o\000n\000j\000u\000g\000a\000t\000e\000\040\000G\000r\000a\000d\000i\000e\000n\000t\000\040\000M\000e\000t\000h\000o\000d}{chapter.4}% 21
\BOOKMARK [0][-]{chapter.5}{\376\377\000C\000o\000n\000s\000t\000r\000a\000i\000n\000e\000d\000\040\000O\000p\000t\000i\000m\000i\000s\000a\000t\000i\000o\000n}{}% 22
\BOOKMARK [1][-]{section.5.1}{\376\377\000D\000u\000a\000l\000\040\000O\000p\000t\000i\000m\000i\000s\000a\000t\000i\000o\000n\000\040\000P\000r\000o\000b\000l\000e\000m\000s}{chapter.5}% 23
\BOOKMARK [1][-]{section.5.2}{\376\377\000L\000i\000n\000e\000a\000r\000\040\000I\000n\000d\000e\000p\000e\000n\000d\000e\000n\000c\000e\000\040\000C\000o\000n\000s\000t\000r\000a\000i\000n\000t\000\040\000Q\000u\000a\000l\000i\000f\000i\000c\000a\000t\000i\000o\000n}{chapter.5}% 24
\BOOKMARK [2][-]{subsection.5.2.1}{\376\377\000S\000p\000e\000c\000i\000a\000l\000\040\000C\000a\000s\000e\000:\000\040\000O\000n\000l\000y\000\040\000E\000q\000u\000a\000l\000i\000t\000y\000\040\000C\000o\000n\000s\000t\000r\000a\000i\000n\000t\000s}{section.5.2}% 25
\BOOKMARK [2][-]{subsection.5.2.2}{\376\377\000S\000p\000e\000c\000i\000a\000l\000\040\000C\000a\000s\000e\000:\000\040\000O\000n\000l\000y\000\040\000I\000n\000e\000q\000u\000a\000l\000i\000t\000y\000\040\000C\000o\000n\000s\000t\000r\000a\000i\000n\000t\000s}{section.5.2}% 26
\BOOKMARK [1][-]{section.5.3}{\376\377\000K\000a\000r\000u\000s\000h\000-\000K\000u\000h\000n\000-\000T\000u\000c\000k\000e\000r\000\040\000\050\000K\000K\000T\000\051\000\040\000P\000o\000i\000n\000t\000s}{chapter.5}% 27
\BOOKMARK [2][-]{subsection.5.3.1}{\376\377\000S\000p\000e\000c\000i\000a\000l\000\040\000C\000a\000s\000e\000:\000\040\000O\000n\000l\000y\000\040\000O\000n\000e\000\040\000I\000n\000e\000q\000u\000a\000l\000i\000t\000y\000\040\000C\000o\000n\000s\000t\000r\000a\000i\000n\000t}{section.5.3}% 28
\BOOKMARK [2][-]{subsection.5.3.2}{\376\377\000S\000p\000e\000c\000i\000a\000l\000\040\000C\000a\000s\000e\000:\000\040\000O\000n\000l\000y\000\040\000T\000w\000o\000\040\000I\000n\000e\000q\000u\000a\000l\000i\000t\000y\000\040\000C\000o\000n\000s\000t\000r\000a\000i\000n\000t\000s}{section.5.3}% 29
\BOOKMARK [2][-]{subsection.5.3.3}{\376\377\000S\000p\000e\000c\000i\000a\000l\000\040\000C\000a\000s\000e\000:\000\040\000I\000n\000t\000e\000r\000i\000o\000r\000\040\000P\000o\000i\000n\000t\000s}{section.5.3}% 30
\BOOKMARK [1][-]{section.5.4}{\376\377\000K\000K\000T\000\040\000C\000o\000n\000d\000i\000t\000i\000o\000n\000s}{chapter.5}% 31
\BOOKMARK [1][-]{section.5.5}{\376\377\000C\000o\000n\000s\000t\000r\000a\000i\000n\000e\000d\000\040\000C\000o\000n\000v\000e\000x\000\040\000O\000p\000t\000i\000m\000i\000s\000a\000t\000i\000o\000n\000\040\000P\000r\000o\000b\000l\000e\000m\000s}{chapter.5}% 32
\BOOKMARK [0][-]{chapter.6}{\376\377\000L\000a\000g\000r\000a\000g\000i\000a\000n\000\040\000D\000u\000a\000l\000\040\000P\000r\000o\000b\000l\000e\000m\000s}{}% 33
